<?xml version="1.0" encoding="UTF-8"?>
<!-- Generated by org.testng.reporters.JUnitReportReporter -->
<testsuite skipped="0" hostname="MacBooks-MacBook-Pro.local" name="Tests.SmokeTest.ManufactureLogIn" tests="1" failures="0" timestamp="29 Jan 2019 21:40:24 GMT" time="11.046" errors="0">
  <testcase name="LogIn" time="11.046" classname="Tests.SmokeTest.ManufactureLogIn"/>
</testsuite> <!-- Tests.SmokeTest.ManufactureLogIn -->
